DEBUG main druid.sql.Connection - {conn-10001} connected
DEBUG http-nio-8881-exec-1 freemarker.cache - Couldn't find template in cache for "error.ftl"("zh_CN", UTF-8, parsed); will try to load it.
DEBUG http-nio-8881-exec-1 freemarker.cache - TemplateLoader.findTemplateSource("error_zh_CN.ftl"): Not found
DEBUG http-nio-8881-exec-1 freemarker.cache - TemplateLoader.findTemplateSource("error_zh.ftl"): Not found
DEBUG http-nio-8881-exec-1 freemarker.cache - TemplateLoader.findTemplateSource("error.ftl"): Not found
DEBUG http-nio-8881-exec-10 freemarker.cache - TemplateLoader.findTemplateSource("error_zh_CN.ftl"): Not found
DEBUG http-nio-8881-exec-10 freemarker.cache - TemplateLoader.findTemplateSource("error_zh.ftl"): Not found
DEBUG http-nio-8881-exec-10 freemarker.cache - TemplateLoader.findTemplateSource("error.ftl"): Not found
DEBUG http-nio-8881-exec-10 freemarker.cache - "error.ftl"("zh_CN", UTF-8, parsed) no source found.
DEBUG http-nio-8881-exec-3 freemarker.cache - TemplateLoader.findTemplateSource("error_zh_CN.ftl"): Not found
DEBUG http-nio-8881-exec-3 freemarker.cache - TemplateLoader.findTemplateSource("error_zh.ftl"): Not found
DEBUG http-nio-8881-exec-3 freemarker.cache - TemplateLoader.findTemplateSource("error.ftl"): Not found
DEBUG http-nio-8881-exec-3 freemarker.cache - "error.ftl"("zh_CN", UTF-8, parsed) no source found.
DEBUG RMI TCP Connection(3)-127.0.0.1 druid.sql.Connection - {conn-10001} closed
DEBUG main druid.sql.Connection - {conn-10001} connected
DEBUG http-nio-8881-exec-1 freemarker.cache - Couldn't find template in cache for "error.ftl"("zh_CN", UTF-8, parsed); will try to load it.
DEBUG http-nio-8881-exec-1 freemarker.cache - TemplateLoader.findTemplateSource("error_zh_CN.ftl"): Not found
DEBUG http-nio-8881-exec-1 freemarker.cache - TemplateLoader.findTemplateSource("error_zh.ftl"): Not found
DEBUG http-nio-8881-exec-1 freemarker.cache - TemplateLoader.findTemplateSource("error.ftl"): Not found
DEBUG http-nio-8881-exec-2 freemarker.cache - "error.ftl"("zh_CN", UTF-8, parsed) cached copy not yet stale; using cached.
DEBUG RMI TCP Connection(2)-127.0.0.1 druid.sql.Connection - {conn-10001} closed
DEBUG main druid.sql.Connection - {conn-10001} connected
DEBUG main druid.sql.Connection - {conn-10001} pool-connect
DEBUG main druid.sql.Connection - {conn-10001} pool-recycle
DEBUG http-nio-8881-exec-4 freemarker.cache - Couldn't find template in cache for "error.ftl"("zh_CN", UTF-8, parsed); will try to load it.
DEBUG http-nio-8881-exec-4 freemarker.cache - TemplateLoader.findTemplateSource("error_zh_CN.ftl"): Not found
DEBUG http-nio-8881-exec-4 freemarker.cache - TemplateLoader.findTemplateSource("error_zh.ftl"): Not found
DEBUG http-nio-8881-exec-4 freemarker.cache - TemplateLoader.findTemplateSource("error.ftl"): Not found
DEBUG http-nio-8881-exec-3 freemarker.cache - TemplateLoader.findTemplateSource("error_zh_CN.ftl"): Not found
DEBUG http-nio-8881-exec-3 freemarker.cache - TemplateLoader.findTemplateSource("error_zh.ftl"): Not found
DEBUG http-nio-8881-exec-3 freemarker.cache - TemplateLoader.findTemplateSource("error.ftl"): Not found
DEBUG http-nio-8881-exec-3 freemarker.cache - "error.ftl"("zh_CN", UTF-8, parsed) no source found.
DEBUG http-nio-8881-exec-6 freemarker.cache - TemplateLoader.findTemplateSource("error_zh_CN.ftl"): Not found
DEBUG http-nio-8881-exec-6 freemarker.cache - TemplateLoader.findTemplateSource("error_zh.ftl"): Not found
DEBUG http-nio-8881-exec-6 freemarker.cache - TemplateLoader.findTemplateSource("error.ftl"): Not found
DEBUG http-nio-8881-exec-6 freemarker.cache - "error.ftl"("zh_CN", UTF-8, parsed) no source found.
DEBUG RMI TCP Connection(2)-127.0.0.1 druid.sql.Connection - {conn-10001} closed
DEBUG main druid.sql.Connection - {conn-10001} connected
DEBUG main druid.sql.Connection - {conn-10001} pool-connect
DEBUG main druid.sql.Connection - {conn-10001} pool-recycle
DEBUG http-nio-8881-exec-1 freemarker.cache - Couldn't find template in cache for "error.ftl"("zh_CN", UTF-8, parsed); will try to load it.
DEBUG http-nio-8881-exec-1 freemarker.cache - TemplateLoader.findTemplateSource("error_zh_CN.ftl"): Not found
DEBUG http-nio-8881-exec-1 freemarker.cache - TemplateLoader.findTemplateSource("error_zh.ftl"): Not found
DEBUG http-nio-8881-exec-1 freemarker.cache - TemplateLoader.findTemplateSource("error.ftl"): Not found
DEBUG http-nio-8881-exec-4 freemarker.cache - TemplateLoader.findTemplateSource("error_zh_CN.ftl"): Not found
DEBUG http-nio-8881-exec-4 freemarker.cache - TemplateLoader.findTemplateSource("error_zh.ftl"): Not found
DEBUG http-nio-8881-exec-4 freemarker.cache - TemplateLoader.findTemplateSource("error.ftl"): Not found
DEBUG http-nio-8881-exec-4 freemarker.cache - "error.ftl"("zh_CN", UTF-8, parsed) no source found.
DEBUG http-nio-8881-exec-7 freemarker.cache - TemplateLoader.findTemplateSource("error_zh_CN.ftl"): Not found
DEBUG http-nio-8881-exec-7 freemarker.cache - TemplateLoader.findTemplateSource("error_zh.ftl"): Not found
DEBUG http-nio-8881-exec-7 freemarker.cache - TemplateLoader.findTemplateSource("error.ftl"): Not found
DEBUG http-nio-8881-exec-7 freemarker.cache - "error.ftl"("zh_CN", UTF-8, parsed) no source found.
DEBUG RMI TCP Connection(2)-127.0.0.1 druid.sql.Connection - {conn-10001} closed
DEBUG main druid.sql.Connection - {conn-10001} connected
DEBUG main druid.sql.Connection - {conn-10001} pool-connect
DEBUG main druid.sql.Connection - {conn-10001} pool-recycle
DEBUG http-nio-8881-exec-1 freemarker.cache - Couldn't find template in cache for "error.ftl"("zh_CN", UTF-8, parsed); will try to load it.
DEBUG http-nio-8881-exec-1 freemarker.cache - TemplateLoader.findTemplateSource("error_zh_CN.ftl"): Not found
DEBUG http-nio-8881-exec-1 freemarker.cache - TemplateLoader.findTemplateSource("error_zh.ftl"): Not found
DEBUG http-nio-8881-exec-1 freemarker.cache - TemplateLoader.findTemplateSource("error.ftl"): Not found
DEBUG http-nio-8881-exec-10 freemarker.cache - TemplateLoader.findTemplateSource("error_zh_CN.ftl"): Not found
DEBUG http-nio-8881-exec-10 freemarker.cache - TemplateLoader.findTemplateSource("error_zh.ftl"): Not found
DEBUG http-nio-8881-exec-10 freemarker.cache - TemplateLoader.findTemplateSource("error.ftl"): Not found
DEBUG http-nio-8881-exec-10 freemarker.cache - "error.ftl"("zh_CN", UTF-8, parsed) no source found.
DEBUG http-nio-8881-exec-3 freemarker.cache - TemplateLoader.findTemplateSource("error_zh_CN.ftl"): Not found
DEBUG http-nio-8881-exec-3 freemarker.cache - TemplateLoader.findTemplateSource("error_zh.ftl"): Not found
DEBUG http-nio-8881-exec-3 freemarker.cache - TemplateLoader.findTemplateSource("error.ftl"): Not found
DEBUG http-nio-8881-exec-3 freemarker.cache - "error.ftl"("zh_CN", UTF-8, parsed) no source found.
DEBUG RMI TCP Connection(2)-127.0.0.1 druid.sql.Connection - {conn-10001} closed
DEBUG main druid.sql.Connection - {conn-10001} connected
DEBUG main druid.sql.Connection - {conn-10001} pool-connect
DEBUG main druid.sql.Connection - {conn-10001} pool-recycle
DEBUG RMI TCP Connection(2)-127.0.0.1 druid.sql.Connection - {conn-10001} closed
DEBUG main druid.sql.Connection - {conn-10001} connected
DEBUG main druid.sql.Connection - {conn-10001} pool-connect
DEBUG main druid.sql.Connection - {conn-10001} pool-recycle
DEBUG http-nio-8881-exec-1 freemarker.cache - Couldn't find template in cache for "error.ftl"("zh_CN", UTF-8, parsed); will try to load it.
DEBUG http-nio-8881-exec-1 freemarker.cache - TemplateLoader.findTemplateSource("error_zh_CN.ftl"): Not found
DEBUG http-nio-8881-exec-1 freemarker.cache - TemplateLoader.findTemplateSource("error_zh.ftl"): Not found
DEBUG http-nio-8881-exec-1 freemarker.cache - TemplateLoader.findTemplateSource("error.ftl"): Not found
DEBUG main druid.sql.Connection - {conn-10001} connected
DEBUG main druid.sql.Connection - {conn-10001} pool-connect
DEBUG main druid.sql.Connection - {conn-10001} pool-recycle
DEBUG main druid.sql.Connection - {conn-10001} closed
DEBUG RMI TCP Connection(2)-127.0.0.1 druid.sql.Connection - {conn-10001} closed
DEBUG main druid.sql.Connection - {conn-10001} connected
DEBUG main druid.sql.Connection - {conn-10001} pool-connect
DEBUG main druid.sql.Connection - {conn-10001} pool-recycle
DEBUG http-nio-8881-exec-1 freemarker.cache - Couldn't find template in cache for "error.ftl"("zh_CN", UTF-8, parsed); will try to load it.
DEBUG http-nio-8881-exec-1 freemarker.cache - TemplateLoader.findTemplateSource("error_zh_CN.ftl"): Not found
DEBUG http-nio-8881-exec-1 freemarker.cache - TemplateLoader.findTemplateSource("error_zh.ftl"): Not found
DEBUG http-nio-8881-exec-1 freemarker.cache - TemplateLoader.findTemplateSource("error.ftl"): Not found
DEBUG http-nio-8881-exec-6 freemarker.cache - TemplateLoader.findTemplateSource("error_zh_CN.ftl"): Not found
DEBUG http-nio-8881-exec-6 freemarker.cache - TemplateLoader.findTemplateSource("error_zh.ftl"): Not found
DEBUG http-nio-8881-exec-6 freemarker.cache - TemplateLoader.findTemplateSource("error.ftl"): Not found
DEBUG http-nio-8881-exec-6 freemarker.cache - "error.ftl"("zh_CN", UTF-8, parsed) no source found.
DEBUG http-nio-8881-exec-9 freemarker.cache - TemplateLoader.findTemplateSource("error_zh_CN.ftl"): Not found
DEBUG http-nio-8881-exec-9 freemarker.cache - TemplateLoader.findTemplateSource("error_zh.ftl"): Not found
DEBUG http-nio-8881-exec-9 freemarker.cache - TemplateLoader.findTemplateSource("error.ftl"): Not found
DEBUG http-nio-8881-exec-9 freemarker.cache - "error.ftl"("zh_CN", UTF-8, parsed) no source found.
DEBUG RMI TCP Connection(2)-127.0.0.1 druid.sql.Connection - {conn-10001} closed
DEBUG main druid.sql.Connection - {conn-10001} connected
DEBUG main druid.sql.Connection - {conn-10001} pool-connect
DEBUG main druid.sql.Connection - {conn-10001} pool-recycle
DEBUG http-nio-8881-exec-1 freemarker.cache - Couldn't find template in cache for "error.ftl"("zh_CN", UTF-8, parsed); will try to load it.
DEBUG http-nio-8881-exec-1 freemarker.cache - TemplateLoader.findTemplateSource("error_zh_CN.ftl"): Not found
DEBUG http-nio-8881-exec-1 freemarker.cache - TemplateLoader.findTemplateSource("error_zh.ftl"): Not found
DEBUG http-nio-8881-exec-1 freemarker.cache - TemplateLoader.findTemplateSource("error.ftl"): Not found
DEBUG http-nio-8881-exec-2 freemarker.cache - TemplateLoader.findTemplateSource("error_zh_CN.ftl"): Not found
DEBUG http-nio-8881-exec-2 freemarker.cache - TemplateLoader.findTemplateSource("error_zh.ftl"): Not found
DEBUG http-nio-8881-exec-2 freemarker.cache - TemplateLoader.findTemplateSource("error.ftl"): Not found
DEBUG http-nio-8881-exec-2 freemarker.cache - "error.ftl"("zh_CN", UTF-8, parsed) no source found.
DEBUG http-nio-8881-exec-5 freemarker.cache - TemplateLoader.findTemplateSource("error_zh_CN.ftl"): Not found
DEBUG http-nio-8881-exec-5 freemarker.cache - TemplateLoader.findTemplateSource("error_zh.ftl"): Not found
DEBUG http-nio-8881-exec-5 freemarker.cache - TemplateLoader.findTemplateSource("error.ftl"): Not found
DEBUG http-nio-8881-exec-5 freemarker.cache - "error.ftl"("zh_CN", UTF-8, parsed) no source found.
DEBUG RMI TCP Connection(2)-127.0.0.1 druid.sql.Connection - {conn-10001} closed
DEBUG main druid.sql.Connection - {conn-10001} connected
DEBUG main druid.sql.Connection - {conn-10001} pool-connect
DEBUG main druid.sql.Connection - {conn-10001} pool-recycle
DEBUG http-nio-8881-exec-1 freemarker.cache - Couldn't find template in cache for "error.ftl"("zh_CN", UTF-8, parsed); will try to load it.
DEBUG http-nio-8881-exec-1 freemarker.cache - TemplateLoader.findTemplateSource("error_zh_CN.ftl"): Not found
DEBUG http-nio-8881-exec-1 freemarker.cache - TemplateLoader.findTemplateSource("error_zh.ftl"): Not found
DEBUG http-nio-8881-exec-1 freemarker.cache - TemplateLoader.findTemplateSource("error.ftl"): Not found
DEBUG RMI TCP Connection(2)-127.0.0.1 druid.sql.Connection - {conn-10001} closed
DEBUG main druid.sql.Connection - {conn-10001} connected
DEBUG main druid.sql.Connection - {conn-10001} pool-connect
DEBUG main druid.sql.Connection - {conn-10001} pool-recycle
DEBUG http-nio-8881-exec-1 freemarker.cache - Couldn't find template in cache for "error.ftl"("zh_CN", UTF-8, parsed); will try to load it.
DEBUG http-nio-8881-exec-1 freemarker.cache - TemplateLoader.findTemplateSource("error_zh_CN.ftl"): Not found
DEBUG http-nio-8881-exec-1 freemarker.cache - TemplateLoader.findTemplateSource("error_zh.ftl"): Not found
DEBUG http-nio-8881-exec-1 freemarker.cache - TemplateLoader.findTemplateSource("error.ftl"): Not found
DEBUG http-nio-8881-exec-4 freemarker.cache - TemplateLoader.findTemplateSource("error_zh_CN.ftl"): Not found
DEBUG http-nio-8881-exec-4 freemarker.cache - TemplateLoader.findTemplateSource("error_zh.ftl"): Not found
DEBUG http-nio-8881-exec-4 freemarker.cache - TemplateLoader.findTemplateSource("error.ftl"): Not found
DEBUG http-nio-8881-exec-4 freemarker.cache - "error.ftl"("zh_CN", UTF-8, parsed) no source found.
DEBUG http-nio-8881-exec-5 freemarker.cache - "error.ftl"("zh_CN", UTF-8, parsed) cached copy not yet stale; using cached.
DEBUG http-nio-8881-exec-8 freemarker.cache - TemplateLoader.findTemplateSource("error_zh_CN.ftl"): Not found
DEBUG http-nio-8881-exec-8 freemarker.cache - TemplateLoader.findTemplateSource("error_zh.ftl"): Not found
DEBUG http-nio-8881-exec-8 freemarker.cache - TemplateLoader.findTemplateSource("error.ftl"): Not found
DEBUG http-nio-8881-exec-8 freemarker.cache - "error.ftl"("zh_CN", UTF-8, parsed) no source found.
DEBUG http-nio-8881-exec-1 freemarker.cache - TemplateLoader.findTemplateSource("error_zh_CN.ftl"): Not found
DEBUG http-nio-8881-exec-1 freemarker.cache - TemplateLoader.findTemplateSource("error_zh.ftl"): Not found
DEBUG http-nio-8881-exec-1 freemarker.cache - TemplateLoader.findTemplateSource("error.ftl"): Not found
DEBUG http-nio-8881-exec-1 freemarker.cache - "error.ftl"("zh_CN", UTF-8, parsed) no source found.
DEBUG RMI TCP Connection(2)-127.0.0.1 druid.sql.Connection - {conn-10001} closed
DEBUG main druid.sql.Connection - {conn-10001} connected
DEBUG main druid.sql.Connection - {conn-10001} pool-connect
DEBUG main druid.sql.Connection - {conn-10001} pool-recycle
DEBUG main druid.sql.Connection - {conn-10001} closed
DEBUG main druid.sql.Connection - {conn-10001} connected
DEBUG main druid.sql.Connection - {conn-10001} pool-connect
DEBUG main druid.sql.Connection - {conn-10001} pool-recycle
DEBUG main druid.sql.Connection - {conn-10001} closed
DEBUG main druid.sql.Connection - {conn-10001} connected
DEBUG main druid.sql.Connection - {conn-10001} pool-connect
DEBUG main druid.sql.Connection - {conn-10001} pool-recycle
DEBUG main druid.sql.Connection - {conn-10001} closed
DEBUG main druid.sql.Connection - {conn-10001} connected
DEBUG main druid.sql.Connection - {conn-10001} pool-connect
DEBUG main druid.sql.Connection - {conn-10001} pool-recycle
DEBUG http-nio-8881-exec-1 freemarker.cache - Couldn't find template in cache for "error.ftl"("zh_CN", UTF-8, parsed); will try to load it.
DEBUG http-nio-8881-exec-1 freemarker.cache - TemplateLoader.findTemplateSource("error_zh_CN.ftl"): Not found
DEBUG http-nio-8881-exec-1 freemarker.cache - TemplateLoader.findTemplateSource("error_zh.ftl"): Not found
DEBUG http-nio-8881-exec-1 freemarker.cache - TemplateLoader.findTemplateSource("error.ftl"): Not found
DEBUG RMI TCP Connection(2)-127.0.0.1 druid.sql.Connection - {conn-10001} closed
DEBUG main druid.sql.Connection - {conn-10001} connected
DEBUG main druid.sql.Connection - {conn-10001} pool-connect
DEBUG main druid.sql.Connection - {conn-10001} pool-recycle
DEBUG Thread-2 druid.sql.Connection - {conn-10001} closed
DEBUG main druid.sql.Connection - {conn-10001} connected
DEBUG main druid.sql.Connection - {conn-10001} pool-connect
DEBUG main druid.sql.Connection - {conn-10001} pool-recycle
DEBUG main druid.sql.Connection - {conn-10001} pool-connect
DEBUG main druid.sql.Statement - {conn-10001, pstmt-20000} created. INSERT INTO user 
 ( `name` )  VALUES 
 ( ? )
DEBUG main druid.sql.Statement - {conn-10001, pstmt-20000} Parameters : [模式]
DEBUG main druid.sql.Statement - {conn-10001, pstmt-20000} Types : [VARCHAR]
ERROR main druid.sql.Statement - {conn-10001, pstmt-20000} execute error. INSERT INTO user 
 ( `name` )  VALUES 
 ( ? )
java.sql.SQLException: Field 'uid' doesn't have a default value
	at com.mysql.jdbc.SQLError.createSQLException(SQLError.java:964)
	at com.mysql.jdbc.MysqlIO.checkErrorPacket(MysqlIO.java:3973)
	at com.mysql.jdbc.MysqlIO.checkErrorPacket(MysqlIO.java:3909)
	at com.mysql.jdbc.MysqlIO.sendCommand(MysqlIO.java:2527)
	at com.mysql.jdbc.MysqlIO.sqlQueryDirect(MysqlIO.java:2680)
	at com.mysql.jdbc.ConnectionImpl.execSQL(ConnectionImpl.java:2501)
	at com.mysql.jdbc.PreparedStatement.executeInternal(PreparedStatement.java:1858)
	at com.mysql.jdbc.PreparedStatement.execute(PreparedStatement.java:1197)
	at com.alibaba.druid.filter.FilterChainImpl.preparedStatement_execute(FilterChainImpl.java:3409)
	at com.alibaba.druid.filter.FilterAdapter.preparedStatement_execute(FilterAdapter.java:1080)
	at com.alibaba.druid.filter.FilterChainImpl.preparedStatement_execute(FilterChainImpl.java:3407)
	at com.alibaba.druid.filter.FilterEventAdapter.preparedStatement_execute(FilterEventAdapter.java:440)
	at com.alibaba.druid.filter.FilterChainImpl.preparedStatement_execute(FilterChainImpl.java:3407)
	at com.alibaba.druid.wall.WallFilter.preparedStatement_execute(WallFilter.java:619)
	at com.alibaba.druid.filter.FilterChainImpl.preparedStatement_execute(FilterChainImpl.java:3407)
	at com.alibaba.druid.filter.FilterEventAdapter.preparedStatement_execute(FilterEventAdapter.java:440)
	at com.alibaba.druid.filter.FilterChainImpl.preparedStatement_execute(FilterChainImpl.java:3407)
	at com.alibaba.druid.proxy.jdbc.PreparedStatementProxyImpl.execute(PreparedStatementProxyImpl.java:167)
	at com.alibaba.druid.pool.DruidPooledPreparedStatement.execute(DruidPooledPreparedStatement.java:498)
	at org.apache.ibatis.executor.statement.PreparedStatementHandler.update(PreparedStatementHandler.java:46)
	at org.apache.ibatis.executor.statement.RoutingStatementHandler.update(RoutingStatementHandler.java:74)
	at org.apache.ibatis.executor.SimpleExecutor.doUpdate(SimpleExecutor.java:50)
	at org.apache.ibatis.executor.BaseExecutor.update(BaseExecutor.java:117)
	at org.apache.ibatis.session.defaults.DefaultSqlSession.update(DefaultSqlSession.java:198)
	at org.apache.ibatis.session.defaults.DefaultSqlSession.insert(DefaultSqlSession.java:185)
	at sun.reflect.NativeMethodAccessorImpl.invoke0(Native Method)
	at sun.reflect.NativeMethodAccessorImpl.invoke(NativeMethodAccessorImpl.java:62)
	at sun.reflect.DelegatingMethodAccessorImpl.invoke(DelegatingMethodAccessorImpl.java:43)
	at java.lang.reflect.Method.invoke(Method.java:497)
	at org.mybatis.spring.SqlSessionTemplate$SqlSessionInterceptor.invoke(SqlSessionTemplate.java:433)
	at com.sun.proxy.$Proxy60.insert(Unknown Source)
	at org.mybatis.spring.SqlSessionTemplate.insert(SqlSessionTemplate.java:278)
	at org.apache.ibatis.binding.MapperMethod.execute(MapperMethod.java:58)
	at org.apache.ibatis.binding.MapperProxy.invoke(MapperProxy.java:59)
	at com.sun.proxy.$Proxy70.insert(Unknown Source)
	at springboot1com.demo.test.update(test.java:26)
	at sun.reflect.NativeMethodAccessorImpl.invoke0(Native Method)
	at sun.reflect.NativeMethodAccessorImpl.invoke(NativeMethodAccessorImpl.java:62)
	at sun.reflect.DelegatingMethodAccessorImpl.invoke(DelegatingMethodAccessorImpl.java:43)
	at java.lang.reflect.Method.invoke(Method.java:497)
	at org.junit.runners.model.FrameworkMethod$1.runReflectiveCall(FrameworkMethod.java:50)
	at org.junit.internal.runners.model.ReflectiveCallable.run(ReflectiveCallable.java:12)
	at org.junit.runners.model.FrameworkMethod.invokeExplosively(FrameworkMethod.java:47)
	at org.junit.internal.runners.statements.InvokeMethod.evaluate(InvokeMethod.java:17)
	at org.springframework.test.context.junit4.statements.RunBeforeTestMethodCallbacks.evaluate(RunBeforeTestMethodCallbacks.java:75)
	at org.springframework.test.context.junit4.statements.RunAfterTestMethodCallbacks.evaluate(RunAfterTestMethodCallbacks.java:86)
	at org.springframework.test.context.junit4.statements.SpringRepeat.evaluate(SpringRepeat.java:84)
	at org.junit.runners.ParentRunner.runLeaf(ParentRunner.java:325)
	at org.springframework.test.context.junit4.SpringJUnit4ClassRunner.runChild(SpringJUnit4ClassRunner.java:252)
	at org.springframework.test.context.junit4.SpringJUnit4ClassRunner.runChild(SpringJUnit4ClassRunner.java:94)
	at org.junit.runners.ParentRunner$3.run(ParentRunner.java:290)
	at org.junit.runners.ParentRunner$1.schedule(ParentRunner.java:71)
	at org.junit.runners.ParentRunner.runChildren(ParentRunner.java:288)
	at org.junit.runners.ParentRunner.access$000(ParentRunner.java:58)
	at org.junit.runners.ParentRunner$2.evaluate(ParentRunner.java:268)
	at org.springframework.test.context.junit4.statements.RunBeforeTestClassCallbacks.evaluate(RunBeforeTestClassCallbacks.java:61)
	at org.springframework.test.context.junit4.statements.RunAfterTestClassCallbacks.evaluate(RunAfterTestClassCallbacks.java:70)
	at org.junit.runners.ParentRunner.run(ParentRunner.java:363)
	at org.springframework.test.context.junit4.SpringJUnit4ClassRunner.run(SpringJUnit4ClassRunner.java:191)
	at org.eclipse.jdt.internal.junit4.runner.JUnit4TestReference.run(JUnit4TestReference.java:89)
	at org.eclipse.jdt.internal.junit.runner.TestExecution.run(TestExecution.java:41)
	at org.eclipse.jdt.internal.junit.runner.RemoteTestRunner.runTests(RemoteTestRunner.java:541)
	at org.eclipse.jdt.internal.junit.runner.RemoteTestRunner.runTests(RemoteTestRunner.java:763)
	at org.eclipse.jdt.internal.junit.runner.RemoteTestRunner.run(RemoteTestRunner.java:463)
	at org.eclipse.jdt.internal.junit.runner.RemoteTestRunner.main(RemoteTestRunner.java:209)
DEBUG main druid.sql.Statement - {conn-10001, pstmt-20000} clearParameters. 
DEBUG main druid.sql.Statement - {conn-10001, pstmt-20000} closed
DEBUG main druid.sql.Connection - {conn-10001} pool-recycle
DEBUG main druid.sql.Connection - {conn-10001} pool-connect
DEBUG main druid.sql.Connection - {conn-10001} pool-recycle
DEBUG Thread-2 druid.sql.Connection - {conn-10001} closed
DEBUG main druid.sql.Connection - {conn-10001} connected
DEBUG main druid.sql.Connection - {conn-10001} pool-connect
DEBUG main druid.sql.Connection - {conn-10001} pool-recycle
DEBUG main druid.sql.Connection - {conn-10001} pool-connect
DEBUG main druid.sql.Statement - {conn-10001, pstmt-20000} created. INSERT INTO user 
 ( `name` )  VALUES 
 ( ? )
DEBUG main druid.sql.Statement - {conn-10001, pstmt-20000} Parameters : [模式]
DEBUG main druid.sql.Statement - {conn-10001, pstmt-20000} Types : [VARCHAR]
DEBUG main druid.sql.Statement - {conn-10001, pstmt-20000} executed. 61.018195 millis. INSERT INTO user 
 ( `name` )  VALUES 
 ( ? )
DEBUG main druid.sql.Statement - {conn-10001, pstmt-20000} clearParameters. 
DEBUG main druid.sql.Connection - {conn-10001} pool-recycle
DEBUG Thread-2 druid.sql.Statement - {conn-10001, pstmt-20000} closed
DEBUG Thread-2 druid.sql.Connection - {conn-10001} closed
DEBUG main druid.sql.Connection - {conn-10001} connected
DEBUG main druid.sql.Connection - {conn-10001} pool-connect
DEBUG main druid.sql.Connection - {conn-10001} pool-recycle
DEBUG Thread-2 druid.sql.Connection - {conn-10001} closed
DEBUG main druid.sql.Connection - {conn-10001} connected
DEBUG main druid.sql.Connection - {conn-10001} pool-connect
DEBUG main druid.sql.Connection - {conn-10001} pool-recycle
DEBUG Thread-2 druid.sql.Connection - {conn-10001} closed
DEBUG main druid.sql.Connection - {conn-10001} connected
DEBUG main druid.sql.Connection - {conn-10001} pool-connect
DEBUG main druid.sql.Connection - {conn-10001} pool-recycle
DEBUG Thread-2 druid.sql.Connection - {conn-10001} closed
DEBUG main druid.sql.Connection - {conn-10001} connected
DEBUG main druid.sql.Connection - {conn-10001} pool-connect
DEBUG main druid.sql.Connection - {conn-10001} pool-recycle
DEBUG Thread-2 druid.sql.Connection - {conn-10001} closed
DEBUG main druid.sql.Connection - {conn-10001} connected
DEBUG main druid.sql.Connection - {conn-10001} pool-connect
DEBUG main druid.sql.Connection - {conn-10001} pool-recycle
DEBUG Thread-2 druid.sql.Connection - {conn-10001} closed
DEBUG main druid.sql.Connection - {conn-10001} connected
DEBUG main druid.sql.Connection - {conn-10001} pool-connect
DEBUG main druid.sql.Connection - {conn-10001} pool-recycle
DEBUG Thread-2 druid.sql.Connection - {conn-10001} closed
DEBUG main druid.sql.Connection - {conn-10001} connected
DEBUG main druid.sql.Connection - {conn-10001} pool-connect
DEBUG main druid.sql.Connection - {conn-10001} pool-recycle
DEBUG Thread-2 druid.sql.Connection - {conn-10001} closed
DEBUG main druid.sql.Connection - {conn-10001} connected
DEBUG main druid.sql.Connection - {conn-10001} pool-connect
DEBUG main druid.sql.Connection - {conn-10001} pool-recycle
DEBUG Thread-2 druid.sql.Connection - {conn-10001} closed
DEBUG main druid.sql.Connection - {conn-10001} connected
DEBUG main druid.sql.Connection - {conn-10001} pool-connect
DEBUG main druid.sql.Connection - {conn-10001} pool-recycle
DEBUG Thread-2 druid.sql.Connection - {conn-10001} closed
DEBUG main druid.sql.Connection - {conn-10001} connected
DEBUG main druid.sql.Connection - {conn-10001} pool-connect
DEBUG main druid.sql.Connection - {conn-10001} pool-recycle
DEBUG Thread-2 druid.sql.Connection - {conn-10001} closed
DEBUG main druid.sql.Connection - {conn-10001} connected
DEBUG main druid.sql.Connection - {conn-10001} pool-connect
DEBUG main druid.sql.Connection - {conn-10001} pool-recycle
DEBUG Thread-2 druid.sql.Connection - {conn-10001} closed
DEBUG main druid.sql.Connection - {conn-10001} connected
DEBUG main druid.sql.Connection - {conn-10001} pool-connect
DEBUG main druid.sql.Connection - {conn-10001} pool-recycle
DEBUG Thread-2 druid.sql.Connection - {conn-10001} closed
DEBUG main druid.sql.Connection - {conn-10001} connected
DEBUG main druid.sql.Connection - {conn-10001} pool-connect
DEBUG main druid.sql.Connection - {conn-10001} pool-recycle
DEBUG Thread-2 druid.sql.Connection - {conn-10001} closed
DEBUG main druid.sql.Connection - {conn-10001} connected
DEBUG main druid.sql.Connection - {conn-10001} pool-connect
DEBUG main druid.sql.Connection - {conn-10001} pool-recycle
DEBUG Thread-2 druid.sql.Connection - {conn-10001} closed
DEBUG main druid.sql.Connection - {conn-10001} connected
DEBUG main druid.sql.Connection - {conn-10001} pool-connect
DEBUG main druid.sql.Connection - {conn-10001} pool-recycle
DEBUG Thread-2 druid.sql.Connection - {conn-10001} closed
DEBUG main druid.sql.Connection - {conn-10001} connected
DEBUG main druid.sql.Connection - {conn-10001} pool-connect
DEBUG main druid.sql.Connection - {conn-10001} pool-recycle
DEBUG Thread-2 druid.sql.Connection - {conn-10001} closed
DEBUG main druid.sql.Connection - {conn-10001} connected
DEBUG main druid.sql.Connection - {conn-10001} pool-connect
DEBUG main druid.sql.Connection - {conn-10001} pool-recycle
DEBUG Thread-2 druid.sql.Connection - {conn-10001} closed
DEBUG main druid.sql.Connection - {conn-10001} connected
DEBUG main druid.sql.Connection - {conn-10001} pool-connect
DEBUG main druid.sql.Connection - {conn-10001} pool-recycle
DEBUG Thread-2 druid.sql.Connection - {conn-10001} closed
DEBUG main druid.sql.Connection - {conn-10001} connected
DEBUG main druid.sql.Connection - {conn-10001} pool-connect
DEBUG main druid.sql.Connection - {conn-10001} pool-recycle
DEBUG Thread-2 druid.sql.Connection - {conn-10001} closed
DEBUG main druid.sql.Connection - {conn-10001} connected
DEBUG main druid.sql.Connection - {conn-10001} pool-connect
DEBUG main druid.sql.Connection - {conn-10001} pool-recycle
DEBUG Thread-2 druid.sql.Connection - {conn-10001} closed
DEBUG main druid.sql.Connection - {conn-10001} connected
DEBUG main druid.sql.Connection - {conn-10001} pool-connect
DEBUG main druid.sql.Connection - {conn-10001} pool-recycle
DEBUG main druid.sql.Connection - {conn-10001} pool-connect
DEBUG main druid.sql.Statement - {conn-10001, pstmt-20000} created. SELECT  uid,name,age  FROM user  WHERE  name = ?
DEBUG main druid.sql.Statement - {conn-10001, pstmt-20000} Parameters : [二分]
DEBUG main druid.sql.Statement - {conn-10001, pstmt-20000} Types : [VARCHAR]
DEBUG main druid.sql.Statement - {conn-10001, pstmt-20000} executed. 340.915849 millis. SELECT  uid,name,age  FROM user  WHERE  name = ?
DEBUG main druid.sql.ResultSet - {conn-10001, pstmt-20000, rs-50000} open
DEBUG main druid.sql.ResultSet - {conn-10001, pstmt-20000, rs-50000} Header: [uid, name, age]
DEBUG main druid.sql.ResultSet - {conn-10001, pstmt-20000, rs-50000} Result: [3, 二分, 23]
DEBUG main druid.sql.ResultSet - {conn-10001, pstmt-20000, rs-50000} closed
DEBUG main druid.sql.Statement - {conn-10001, pstmt-20000} clearParameters. 
DEBUG main druid.sql.Connection - {conn-10001} pool-recycle
DEBUG Thread-2 druid.sql.Statement - {conn-10001, pstmt-20000} closed
DEBUG Thread-2 druid.sql.Connection - {conn-10001} closed
DEBUG main druid.sql.Connection - {conn-10001} connected
DEBUG main druid.sql.Connection - {conn-10001} pool-connect
DEBUG main druid.sql.Connection - {conn-10001} pool-recycle
DEBUG Thread-2 druid.sql.Connection - {conn-10001} closed
DEBUG main druid.sql.Connection - {conn-10001} connected
DEBUG main druid.sql.Connection - {conn-10001} pool-connect
DEBUG main druid.sql.Connection - {conn-10001} pool-recycle
DEBUG main druid.sql.Connection - {conn-10001} pool-connect
DEBUG main druid.sql.Statement - {conn-10001, pstmt-20000} created. SELECT  uid,name,age  FROM user
DEBUG main druid.sql.Statement - {conn-10001, pstmt-20000} Parameters : []
DEBUG main druid.sql.Statement - {conn-10001, pstmt-20000} Types : []
DEBUG main druid.sql.Statement - {conn-10001, pstmt-20000} executed. 3.224888 millis. SELECT  uid,name,age  FROM user
DEBUG main druid.sql.ResultSet - {conn-10001, pstmt-20000, rs-50000} open
DEBUG main druid.sql.ResultSet - {conn-10001, pstmt-20000, rs-50000} Header: [uid, name, age]
DEBUG main druid.sql.ResultSet - {conn-10001, pstmt-20000, rs-50000} Result: [1, lzn, 12]
DEBUG main druid.sql.ResultSet - {conn-10001, pstmt-20000, rs-50000} Result: [2, 阿瑟东, 23]
DEBUG main druid.sql.ResultSet - {conn-10001, pstmt-20000, rs-50000} Result: [3, 二分, 23]
DEBUG main druid.sql.ResultSet - {conn-10001, pstmt-20000, rs-50000} Result: [4, 模式, 18]
DEBUG main druid.sql.ResultSet - {conn-10001, pstmt-20000, rs-50000} Result: [5, o偶玩, 25]
DEBUG main druid.sql.ResultSet - {conn-10001, pstmt-20000, rs-50000} Result: [6, 猎人的后, 99]
DEBUG main druid.sql.ResultSet - {conn-10001, pstmt-20000, rs-50000} Result: [7, 谁数据, 82]
DEBUG main druid.sql.ResultSet - {conn-10001, pstmt-20000, rs-50000} Result: [8, 藕粉, 25]
DEBUG main druid.sql.ResultSet - {conn-10001, pstmt-20000, rs-50000} Result: [9, 靠i就, 34]
DEBUG main druid.sql.ResultSet - {conn-10001, pstmt-20000, rs-50000} Result: [10, 使得, 34]
DEBUG main druid.sql.ResultSet - {conn-10001, pstmt-20000, rs-50000} Result: [11, 天日按, 22]
DEBUG main druid.sql.ResultSet - {conn-10001, pstmt-20000, rs-50000} closed
DEBUG main druid.sql.Statement - {conn-10001, pstmt-20000} clearParameters. 
DEBUG main druid.sql.Connection - {conn-10001} pool-recycle
DEBUG Thread-2 druid.sql.Statement - {conn-10001, pstmt-20000} closed
DEBUG Thread-2 druid.sql.Connection - {conn-10001} closed
DEBUG main druid.sql.Connection - {conn-10001} connected
DEBUG main druid.sql.Connection - {conn-10001} pool-connect
DEBUG main druid.sql.Connection - {conn-10001} pool-recycle
DEBUG main druid.sql.Connection - {conn-10001} pool-connect
DEBUG main druid.sql.Statement - {conn-10001, pstmt-20000} created. SELECT  uid,name,age  FROM user
DEBUG main druid.sql.Statement - {conn-10001, pstmt-20000} Parameters : []
DEBUG main druid.sql.Statement - {conn-10001, pstmt-20000} Types : []
DEBUG main druid.sql.Statement - {conn-10001, pstmt-20000} executed. 2.04311 millis. SELECT  uid,name,age  FROM user
DEBUG main druid.sql.ResultSet - {conn-10001, pstmt-20000, rs-50000} open
DEBUG main druid.sql.ResultSet - {conn-10001, pstmt-20000, rs-50000} Header: [uid, name, age]
DEBUG main druid.sql.ResultSet - {conn-10001, pstmt-20000, rs-50000} Result: [1, lzn, 12]
DEBUG main druid.sql.ResultSet - {conn-10001, pstmt-20000, rs-50000} Result: [2, 阿瑟东, 23]
DEBUG main druid.sql.ResultSet - {conn-10001, pstmt-20000, rs-50000} Result: [3, 二分, 23]
DEBUG main druid.sql.ResultSet - {conn-10001, pstmt-20000, rs-50000} Result: [4, 模式, 18]
DEBUG main druid.sql.ResultSet - {conn-10001, pstmt-20000, rs-50000} Result: [5, o偶玩, 25]
DEBUG main druid.sql.ResultSet - {conn-10001, pstmt-20000, rs-50000} Result: [6, 猎人的后, 99]
DEBUG main druid.sql.ResultSet - {conn-10001, pstmt-20000, rs-50000} Result: [7, 谁数据, 82]
DEBUG main druid.sql.ResultSet - {conn-10001, pstmt-20000, rs-50000} Result: [8, 藕粉, 25]
DEBUG main druid.sql.ResultSet - {conn-10001, pstmt-20000, rs-50000} Result: [9, 靠i就, 34]
DEBUG main druid.sql.ResultSet - {conn-10001, pstmt-20000, rs-50000} Result: [10, 使得, 34]
DEBUG main druid.sql.ResultSet - {conn-10001, pstmt-20000, rs-50000} Result: [11, 天日按, 22]
DEBUG main druid.sql.ResultSet - {conn-10001, pstmt-20000, rs-50000} closed
DEBUG main druid.sql.Statement - {conn-10001, pstmt-20000} clearParameters. 
DEBUG main druid.sql.Connection - {conn-10001} pool-recycle
DEBUG Thread-2 druid.sql.Statement - {conn-10001, pstmt-20000} closed
DEBUG Thread-2 druid.sql.Connection - {conn-10001} closed
DEBUG main druid.sql.Connection - {conn-10001} connected
DEBUG main druid.sql.Connection - {conn-10001} pool-connect
DEBUG main druid.sql.Connection - {conn-10001} pool-recycle
DEBUG http-nio-8881-exec-1 freemarker.cache - Couldn't find template in cache for "error.ftl"("zh_CN", UTF-8, parsed); will try to load it.
DEBUG http-nio-8881-exec-1 freemarker.cache - TemplateLoader.findTemplateSource("error_zh_CN.ftl"): Not found
DEBUG http-nio-8881-exec-1 freemarker.cache - TemplateLoader.findTemplateSource("error_zh.ftl"): Not found
DEBUG http-nio-8881-exec-1 freemarker.cache - TemplateLoader.findTemplateSource("error.ftl"): Not found
DEBUG http-nio-8881-exec-4 freemarker.cache - TemplateLoader.findTemplateSource("error_zh_CN.ftl"): Not found
DEBUG http-nio-8881-exec-4 freemarker.cache - TemplateLoader.findTemplateSource("error_zh.ftl"): Not found
DEBUG http-nio-8881-exec-4 freemarker.cache - TemplateLoader.findTemplateSource("error.ftl"): Not found
DEBUG http-nio-8881-exec-4 freemarker.cache - "error.ftl"("zh_CN", UTF-8, parsed) no source found.
DEBUG http-nio-8881-exec-7 freemarker.cache - TemplateLoader.findTemplateSource("error_zh_CN.ftl"): Not found
DEBUG http-nio-8881-exec-7 freemarker.cache - TemplateLoader.findTemplateSource("error_zh.ftl"): Not found
DEBUG http-nio-8881-exec-7 freemarker.cache - TemplateLoader.findTemplateSource("error.ftl"): Not found
DEBUG http-nio-8881-exec-7 freemarker.cache - "error.ftl"("zh_CN", UTF-8, parsed) no source found.
DEBUG http-nio-8881-exec-10 freemarker.cache - "error.ftl"("zh_CN", UTF-8, parsed) cached copy not yet stale; using cached.
DEBUG http-nio-8881-exec-1 freemarker.cache - TemplateLoader.findTemplateSource("error_zh_CN.ftl"): Not found
DEBUG http-nio-8881-exec-1 freemarker.cache - TemplateLoader.findTemplateSource("error_zh.ftl"): Not found
DEBUG http-nio-8881-exec-1 freemarker.cache - TemplateLoader.findTemplateSource("error.ftl"): Not found
DEBUG http-nio-8881-exec-1 freemarker.cache - "error.ftl"("zh_CN", UTF-8, parsed) no source found.
DEBUG http-nio-8881-exec-4 freemarker.cache - "error.ftl"("zh_CN", UTF-8, parsed) cached copy not yet stale; using cached.
DEBUG http-nio-8881-exec-7 freemarker.cache - TemplateLoader.findTemplateSource("error_zh_CN.ftl"): Not found
DEBUG http-nio-8881-exec-7 freemarker.cache - TemplateLoader.findTemplateSource("error_zh.ftl"): Not found
DEBUG http-nio-8881-exec-7 freemarker.cache - TemplateLoader.findTemplateSource("error.ftl"): Not found
DEBUG http-nio-8881-exec-7 freemarker.cache - "error.ftl"("zh_CN", UTF-8, parsed) no source found.
DEBUG http-nio-8881-exec-9 freemarker.cache - TemplateLoader.findTemplateSource("error_zh_CN.ftl"): Not found
DEBUG http-nio-8881-exec-9 freemarker.cache - TemplateLoader.findTemplateSource("error_zh.ftl"): Not found
DEBUG http-nio-8881-exec-9 freemarker.cache - TemplateLoader.findTemplateSource("error.ftl"): Not found
DEBUG http-nio-8881-exec-9 freemarker.cache - "error.ftl"("zh_CN", UTF-8, parsed) no source found.
DEBUG RMI TCP Connection(2)-127.0.0.1 druid.sql.Connection - {conn-10001} closed
DEBUG main druid.sql.Connection - {conn-10001} connected
DEBUG main druid.sql.Connection - {conn-10001} pool-connect
DEBUG main druid.sql.Connection - {conn-10001} pool-recycle
DEBUG http-nio-8881-exec-1 freemarker.cache - Couldn't find template in cache for "error.ftl"("zh_CN", UTF-8, parsed); will try to load it.
DEBUG http-nio-8881-exec-1 freemarker.cache - TemplateLoader.findTemplateSource("error_zh_CN.ftl"): Not found
DEBUG http-nio-8881-exec-1 freemarker.cache - TemplateLoader.findTemplateSource("error_zh.ftl"): Not found
DEBUG http-nio-8881-exec-1 freemarker.cache - TemplateLoader.findTemplateSource("error.ftl"): Not found
DEBUG http-nio-8881-exec-4 freemarker.cache - TemplateLoader.findTemplateSource("error_zh_CN.ftl"): Not found
DEBUG http-nio-8881-exec-4 freemarker.cache - TemplateLoader.findTemplateSource("error_zh.ftl"): Not found
DEBUG http-nio-8881-exec-4 freemarker.cache - TemplateLoader.findTemplateSource("error.ftl"): Not found
DEBUG http-nio-8881-exec-4 freemarker.cache - "error.ftl"("zh_CN", UTF-8, parsed) no source found.
DEBUG RMI TCP Connection(2)-127.0.0.1 druid.sql.Connection - {conn-10001} closed
DEBUG main druid.sql.Connection - {conn-10001} connected
DEBUG main druid.sql.Connection - {conn-10001} pool-connect
DEBUG main druid.sql.Connection - {conn-10001} pool-recycle
DEBUG http-nio-8881-exec-1 freemarker.cache - Couldn't find template in cache for "error.ftl"("zh_CN", UTF-8, parsed); will try to load it.
DEBUG http-nio-8881-exec-1 freemarker.cache - TemplateLoader.findTemplateSource("error_zh_CN.ftl"): Not found
DEBUG http-nio-8881-exec-1 freemarker.cache - TemplateLoader.findTemplateSource("error_zh.ftl"): Not found
DEBUG http-nio-8881-exec-1 freemarker.cache - TemplateLoader.findTemplateSource("error.ftl"): Not found
DEBUG http-nio-8881-exec-2 freemarker.cache - "error.ftl"("zh_CN", UTF-8, parsed) cached copy not yet stale; using cached.
DEBUG RMI TCP Connection(2)-127.0.0.1 druid.sql.Connection - {conn-10001} closed
